ERROR [main] 2020-04-12 14:16:32,880 repast.simphony.dataLoader.engine.CNDataLoaderActionLoader - On load, unable to create ContextCreator class for 'SimulationContextBuilder'
java.lang.ClassNotFoundException: SimulationContextBuilder
	at java.net.URLClassLoader.findClass(URLClassLoader.java:382)
	at java.lang.ClassLoader.loadClass(ClassLoader.java:424)
	at sun.misc.Launcher$AppClassLoader.loadClass(Launcher.java:349)
	at java.lang.ClassLoader.loadClass(ClassLoader.java:357)
	at java.lang.Class.forName0(Native Method)
	at java.lang.Class.forName(Class.java:264)
	at repast.simphony.dataLoader.engine.ClassNameContextBuilder.<init>(ClassNameContextBuilder.java:20)
	at repast.simphony.dataLoader.engine.ClassNameDataLoaderAction.<init>(ClassNameDataLoaderAction.java:23)
	at repast.simphony.dataLoader.engine.CNDataLoaderActionLoader.performLoad(CNDataLoaderActionLoader.java:35)
	at repast.simphony.scenario.AbstractActionLoader.loadAction(AbstractActionLoader.java:35)
	at repast.simphony.scenario.ScenarioFileLoader.createActions(ScenarioFileLoader.java:90)
	at repast.simphony.scenario.ScenarioFileLoader.load(ScenarioFileLoader.java:66)
	at repast.simphony.scenario.ScenarioLoader.load(ScenarioLoader.java:199)
	at exampleEventStateChartProblem.SimulationRunner.init(SimulationRunner.java:37)
	at exampleEventStateChartProblem.SimulationRunner.<init>(SimulationRunner.java:30)
	at exampleEventStateChartProblem.SimulationMain.main(SimulationMain.java:24)
WARN  [main] 2020-04-12 14:29:59,284 repast.simphony.engine.environment.ProjectionRegistry - Duplicate projection typegeography
WARN  [main] 2020-04-12 14:30:19,447 repast.simphony.engine.environment.ProjectionRegistry - Duplicate projection typegeography
WARN  [main] 2020-04-12 16:39:49,863 repast.simphony.engine.environment.ProjectionRegistry - Duplicate projection typegeography
WARN  [main] 2020-04-12 17:01:15,591 repast.simphony.engine.environment.ProjectionRegistry - Duplicate projection typegeography
WARN  [main] 2020-04-12 17:01:35,721 repast.simphony.engine.environment.ProjectionRegistry - Duplicate projection typegeography
